<?xml version="1.0" encoding="UTF-8"?>
<!-- Generated by org.testng.reporters.JUnitXMLReporter -->
<testsuite ignored="0" hostname="DESKTOP-NB1AD2I" failures="1" tests="4" name="Surefire test" time="55.443" errors="0" timestamp="2025-07-12T19:20:32 IST">
  <testcase classname="io.cucumber.testng.AbstractTestNGCucumberTests" name="runScenario" time="47.106"/>
  <testcase classname="io.cucumber.testng.AbstractTestNGCucumberTests" name="runScenario" time="47.66">
    <failure type="java.lang.AssertionError" message="expected [Beetroot] but found [No data]">
      <![CDATA[java.lang.AssertionError: expected [Beetroot] but found [No data]
at stepDefinitions.OffersPageStepDefinition.validate_product_name_in_offers_page_matches_with_landing_page(OffersPageStepDefinition.java:46)
at ✽.Validate product name in offers page matches with landing page(file:///D:/New_Workspace/CucumberSeleniumFramework/src/test/java/features/searchProduct.feature:14)
... Removed 6 stack frames]]>
    </failure>
  </testcase> <!-- runScenario -->
  <testcase classname="io.cucumber.testng.AbstractTestNGCucumberTests" name="runScenario" time="48.533"/>
  <testcase classname="io.cucumber.testng.AbstractTestNGCucumberTests" name="runScenario" time="49.915"/>
</testsuite> <!-- Surefire test -->
