<?xml version="1.0" encoding="UTF-8"?>
<testsuite xmlns:xsi="http://www.w3.org/2001/XMLSchema-instance" xsi:noNamespaceSchemaLocation="https://maven.apache.org/surefire/maven-surefire-plugin/xsd/surefire-test-report-3.0.xsd" version="3.0" name="TestSuite" time="56.616" tests="4" errors="0" skipped="0" failures="1">
  <properties>
[...]
</properties>
  <testcase name="runScenario[&quot;Search Experience for product search in both home and Offers page&quot;, &quot;place the order for products&quot;](1)" classname="cucumberOptions.TestNgRunner" time="46.872">
    <system-out><![CDATA[Strawberry
Beetroot
Tomato
Tomato
Tomato
true
true
]]></system-out>
    <system-err><![CDATA[SLF4J(W): No SLF4J providers were found.
SLF4J(W): Defaulting to no-operation (NOP) logger implementation
SLF4J(W): See https://www.slf4j.org/codes.html#noProviders for further details.
Jul 12, 2025 7:19:59 PM org.openqa.selenium.devtools.CdpVersionFinder findNearestMatch
WARNING: Unable to find an exact match for CDP version 138, returning the closest version; found: 137; Please update to a Selenium version that supports CDP version 138
Jul 12, 2025 7:19:59 PM org.openqa.selenium.devtools.CdpVersionFinder findNearestMatch
WARNING: Unable to find an exact match for CDP version 138, returning the closest version; found: 137; Please update to a Selenium version that supports CDP version 138
Jul 12, 2025 7:19:59 PM org.openqa.selenium.devtools.CdpVersionFinder findNearestMatch
WARNING: Unable to find an exact match for CDP version 138, returning the closest version; found: 137; Please update to a Selenium version that supports CDP version 138
Jul 12, 2025 7:19:59 PM org.openqa.selenium.devtools.CdpVersionFinder findNearestMatch
WARNING: Unable to find an exact match for CDP version 138, returning the closest version; found: 137; Please update to a Selenium version that supports CDP version 138
]]></system-err>
  </testcase>
  <testcase name="runScenario[&quot;Search for product in both home and offers page&quot;, &quot;Search and place the order of products&quot;](2)" classname="cucumberOptions.TestNgRunner" time="47.653">
    <failure message="expected [Beetroot] but found [No data]" type="java.lang.AssertionError"><![CDATA[java.lang.AssertionError: expected [Beetroot] but found [No data]
]]></failure>
  </testcase>
  <testcase name="runScenario[&quot;Search for product in both home and offers page&quot;, &quot;Search and place the order of products&quot;](3)" classname="cucumberOptions.TestNgRunner" time="48.348"/>
  <testcase name="runScenario[&quot;Search for product in both home and offers page&quot;, &quot;Search and place the order of products&quot;](4)" classname="cucumberOptions.TestNgRunner" time="49.689"/>
</testsuite>